{"uuid":"07f1f435-5a71-4752-8f13-af231f6e078c","historyId":"6984dc2de6570509f1996b9f56898693","fullName":"src/test/resources/features/user.feature:3","labels":[{"name":"host","value":"LAPTOP-G20RJODP"},{"name":"thread","value":"12860@LAPTOP-G20RJODP.main(1)"},{"name":"feature","value":"Get User API"},{"name":"story","value":"Verify user API"},{"name":"suite","value":"Get User API"},{"name":"testClass","value":"Verify user API"},{"name":"framework","value":"cucumber4jvm"},{"name":"language","value":"java"},{"name":"gherkin_uri","value":"file:///D:/Nikita%20Modi/Eclipse%20Workspace/api-framework_all_in_one/src/test/resources/features/user.feature"},{"name":"package","value":"src.test.resources.features.user_feature.Get User API"}],"links":[],"name":"Verify user API","status":"failed","statusDetails":{"known":false,"muted":false,"flaky":false,"message":"expected:<200> but was:<403>","trace":"java.lang.AssertionError: expected:<200> but was:<403>\r\n\tat org.junit.Assert.fail(Assert.java:89)\r\n\tat org.junit.Assert.failNotEquals(Assert.java:835)\r\n\tat org.junit.Assert.assertEquals(Assert.java:647)\r\n\tat org.junit.Assert.assertEquals(Assert.java:633)\r\n\tat stepDefinitions.UserSteps.verify_status(UserSteps.java:21)\r\n\tat ✽.status code should be 200(file:///D:/Nikita%20Modi/Eclipse%20Workspace/api-framework_all_in_one/src/test/resources/features/user.feature:5)\r\n"},"stage":"finished","steps":[{"name":"When  I get user with id 2","status":"passed","statusDetails":{"known":false,"muted":false,"flaky":false},"stage":"finished","steps":[],"attachments":[],"parameters":[],"start":1772098011858,"stop":1772098013454},{"name":"Then  status code should be 200","status":"failed","statusDetails":{"known":false,"muted":false,"flaky":false,"message":"expected:<200> but was:<403>","trace":"java.lang.AssertionError: expected:<200> but was:<403>\r\n\tat org.junit.Assert.fail(Assert.java:89)\r\n\tat org.junit.Assert.failNotEquals(Assert.java:835)\r\n\tat org.junit.Assert.assertEquals(Assert.java:647)\r\n\tat org.junit.Assert.assertEquals(Assert.java:633)\r\n\tat stepDefinitions.UserSteps.verify_status(UserSteps.java:21)\r\n\tat ✽.status code should be 200(file:///D:/Nikita%20Modi/Eclipse%20Workspace/api-framework_all_in_one/src/test/resources/features/user.feature:5)\r\n"},"stage":"finished","steps":[],"attachments":[],"parameters":[],"start":1772098013455,"stop":1772098013459}],"attachments":[],"parameters":[],"start":1772098011856,"stop":1772098013464}